# JRE version: Java(TM) SE Runtime Environment (21.0.6+8) (build 21.0.6+8-LTS-188)
# Java VM: Java HotSpot(TM) 64-Bit Server VM (21.0.6+8-LTS-188, mixed mode, tiered, compressed oops, compressed class ptrs, g1 gc, windows-amd64)
GC Precious Log:
 CardTable entry size: 512
 Card Set container configuration: InlinePtr #cards 5 size 8 Array Of Cards #cards 12 size 40 Howl #buckets 4 coarsen threshold 1843 Howl Bitmap #cards 512 size 80 coarsen threshold 460 Card regions per heap region 1 cards per card region 2048
 CPUs: 12 total, 12 available
 Memory: 5989M
 Large Page Support: Disabled
 NUMA Support: Disabled
 Compressed Oops: Enabled (32-bit)
 Heap Region Size: 1M
 Heap Min Capacity: 8M
 Heap Initial Capacity: 94M
 Heap Max Capacity: 1498M
 Pre-touch: Disabled
 Parallel Workers: 10
 Concurrent Workers: 3
 Concurrent Refinement Workers: 10
 Periodic GC: Disabled
Heap:
 garbage-first heap   total 97280K, used 52957K [0x00000000a2600000, 0x0000000100000000)
  region size 1024K, 20 young (20480K), 7 survivors (7168K)
 Metaspace       used 36475K, committed 36800K, reserved 1114112K
  class space    used 3843K, committed 3968K, reserved 1048576K
GC Heap History (20 events):
Event: 9.683 GC heap before
{Heap before GC invocations=4 (full 0):
 garbage-first heap   total 30720K, used 29621K [0x00000000a2600000, 0x0000000100000000)
  region size 1024K, 26 young (26624K), 4 survivors (4096K)
 Metaspace       used 24117K, committed 24384K, reserved 1114112K
  class space    used 2545K, committed 2688K, reserved 1048576K
}
Event: 9.693 GC heap after
{Heap after GC invocations=5 (full 0):
 garbage-first heap   total 36864K, used 9873K [0x00000000a2600000, 0x0000000100000000)
  region size 1024K, 6 young (6144K), 6 survivors (6144K)
 Metaspace       used 24117K, committed 24384K, reserved 1114112K
  class space    used 2545K, committed 2688K, reserved 1048576K
}
Event: 10.012 GC heap before
{Heap before GC invocations=5 (full 0):
 garbage-first heap   total 36864K, used 25233K [0x00000000a2600000, 0x0000000100000000)
  region size 1024K, 21 young (21504K), 6 survivors (6144K)
 Metaspace       used 24594K, committed 24832K, reserved 1114112K
  class space    used 2592K, committed 2688K, reserved 1048576K
}
Event: 10.021 GC heap after
{Heap after GC invocations=6 (full 0):
 garbage-first heap   total 36864K, used 11573K [0x00000000a2600000, 0x0000000100000000)
  region size 1024K, 3 young (3072K), 3 survivors (3072K)
 Metaspace       used 24594K, committed 24832K, reserved 1114112K
  class space    used 2592K, committed 2688K, reserved 1048576K
}
Event: 11.861 GC heap before
{Heap before GC invocations=6 (full 0):
 garbage-first heap   total 36864K, used 30005K [0x00000000a2600000, 0x0000000100000000)
  region size 1024K, 21 young (21504K), 3 survivors (3072K)
 Metaspace       used 24990K, committed 25216K, reserved 1114112K
  class space    used 2624K, committed 2752K, reserved 1048576K
}
Event: 11.867 GC heap after
{Heap after GC invocations=7 (full 0):
 garbage-first heap   total 36864K, used 13425K [0x00000000a2600000, 0x0000000100000000)
  region size 1024K, 3 young (3072K), 3 survivors (3072K)
 Metaspace       used 24990K, committed 25216K, reserved 1114112K
  class space    used 2624K, committed 2752K, reserved 1048576K
}
Event: 12.152 GC heap before
{Heap before GC invocations=7 (full 0):
 garbage-first heap   total 36864K, used 29809K [0x00000000a2600000, 0x0000000100000000)
  region size 1024K, 19 young (19456K), 3 survivors (3072K)
 Metaspace       used 25125K, committed 25408K, reserved 1114112K
  class space    used 2631K, committed 2752K, reserved 1048576K
}
Event: 12.156 GC heap after
{Heap after GC invocations=8 (full 0):
 garbage-first heap   total 36864K, used 14765K [0x00000000a2600000, 0x0000000100000000)
  region size 1024K, 2 young (2048K), 2 survivors (2048K)
 Metaspace       used 25125K, committed 25408K, reserved 1114112K
  class space    used 2631K, committed 2752K, reserved 1048576K
}
Event: 12.411 GC heap before
{Heap before GC invocations=8 (full 0):
 garbage-first heap   total 36864K, used 30125K [0x00000000a2600000, 0x0000000100000000)
  region size 1024K, 17 young (17408K), 2 survivors (2048K)
 Metaspace       used 25294K, committed 25536K, reserved 1114112K
  class space    used 2632K, committed 2752K, reserved 1048576K
}
Event: 12.414 GC heap after
{Heap after GC invocations=9 (full 0):
 garbage-first heap   total 45056K, used 15338K [0x00000000a2600000, 0x0000000100000000)
  region size 1024K, 2 young (2048K), 2 survivors (2048K)
 Metaspace       used 25294K, committed 25536K, reserved 1114112K
  class space    used 2632K, committed 2752K, reserved 1048576K
}
Event: 13.063 GC heap before
{Heap before GC invocations=9 (full 0):
 garbage-first heap   total 45056K, used 37866K [0x00000000a2600000, 0x0000000100000000)
  region size 1024K, 24 young (24576K), 2 survivors (2048K)
 Metaspace       used 25637K, committed 25920K, reserved 1114112K
  class space    used 2644K, committed 2752K, reserved 1048576K
}
Event: 13.067 GC heap after
{Heap after GC invocations=10 (full 0):
 garbage-first heap   total 45056K, used 16111K [0x00000000a2600000, 0x0000000100000000)
  region size 1024K, 2 young (2048K), 2 survivors (2048K)
 Metaspace       used 25637K, committed 25920K, reserved 1114112K
  class space    used 2644K, committed 2752K, reserved 1048576K
}
Event: 13.437 GC heap before
{Heap before GC invocations=10 (full 0):
 garbage-first heap   total 45056K, used 29423K [0x00000000a2600000, 0x0000000100000000)
  region size 1024K, 16 young (16384K), 2 survivors (2048K)
 Metaspace       used 27270K, committed 27584K, reserved 1114112K
  class space    used 2796K, committed 2944K, reserved 1048576K
}
Event: 13.443 GC heap after
{Heap after GC invocations=11 (full 0):
 garbage-first heap   total 45056K, used 17547K [0x00000000a2600000, 0x0000000100000000)
  region size 1024K, 3 young (3072K), 3 survivors (3072K)
 Metaspace       used 27270K, committed 27584K, reserved 1114112K
  class space    used 2796K, committed 2944K, reserved 1048576K
}
Event: 13.444 GC heap before
{Heap before GC invocations=11 (full 0):
 garbage-first heap   total 45056K, used 25739K [0x00000000a2600000, 0x0000000100000000)
  region size 1024K, 4 young (4096K), 3 survivors (3072K)
 Metaspace       used 27271K, committed 27584K, reserved 1114112K
  class space    used 2796K, committed 2944K, reserved 1048576K
}
Event: 13.449 GC heap after
{Heap after GC invocations=12 (full 0):
 garbage-first heap   total 45056K, used 25681K [0x00000000a2600000, 0x0000000100000000)
  region size 1024K, 2 young (2048K), 2 survivors (2048K)
 Metaspace       used 27271K, committed 27584K, reserved 1114112K
  class space    used 2796K, committed 2944K, reserved 1048576K
}
Event: 13.990 GC heap before
{Heap before GC invocations=13 (full 0):
 garbage-first heap   total 87040K, used 63569K [0x00000000a2600000, 0x0000000100000000)
  region size 1024K, 15 young (15360K), 2 survivors (2048K)
 Metaspace       used 28655K, committed 28992K, reserved 1114112K
  class space    used 2941K, committed 3072K, reserved 1048576K
}
Event: 13.995 GC heap after
{Heap after GC invocations=14 (full 0):
 garbage-first heap   total 87040K, used 18077K [0x00000000a2600000, 0x0000000100000000)
  region size 1024K, 1 young (1024K), 1 survivors (1024K)
 Metaspace       used 28655K, committed 28992K, reserved 1114112K
  class space    used 2941K, committed 3072K, reserved 1048576K
}
Event: 20.839 GC heap before
{Heap before GC invocations=14 (full 0):
 garbage-first heap   total 87040K, used 79517K [0x00000000a2600000, 0x0000000100000000)
  region size 1024K, 51 young (52224K), 1 survivors (1024K)
 Metaspace       used 35650K, committed 35968K, reserved 1114112K
  class space    used 3750K, committed 3904K, reserved 1048576K
}
Event: 20.862 GC heap after
{Heap after GC invocations=15 (full 0):
 garbage-first heap   total 97280K, used 40669K [0x00000000a2600000, 0x0000000100000000)
  region size 1024K, 7 young (7168K), 7 survivors (7168K)
 Metaspace       used 35650K, committed 35968K, reserved 1114112K
  class space    used 3750K, committed 3904K, reserved 1048576K
}

